<?xml version="1.0" encoding="UTF-8"?>
<testsuite xmlns:xsi="http://www.w3.org/2001/XMLSchema-instance" xsi:noNamespaceSchemaLocation="https://maven.apache.org/surefire/maven-surefire-plugin/xsd/surefire-test-report.xsd" name="com.gdut.minsappofteachingforchildren.MinsAppOfTeachingForChildrenApplicationTests" time="5.331" tests="1" errors="0" skipped="0" failures="0">
  <properties>
    <property name="sun.desktop" value="windows"/>
    <property name="awt.toolkit" value="sun.awt.windows.WToolkit"/>
    <property name="file.encoding.pkg" value="sun.io"/>
    <property name="java.specification.version" value="1.8"/>
    <property name="sun.cpu.isalist" value="amd64"/>
    <property name="sun.jnu.encoding" value="GBK"/>
    <property name="java.class.path" value="D:\java代码\MinsAppOfTeachingForChildren\target\test-classes;D:\java代码\MinsAppOfTeachingForChildren\target\classes;D:\MyRepository\org\springframework\boot\spring-boot-starter-jdbc\2.5.6\spring-boot-starter-jdbc-2.5.6.jar;D:\MyRepository\org\springframework\boot\spring-boot-starter\2.5.6\spring-boot-starter-2.5.6.jar;D:\MyRepository\org\springframework\boot\spring-boot\2.5.6\spring-boot-2.5.6.jar;D:\MyRepository\org\springframework\boot\spring-boot-starter-logging\2.5.6\spring-boot-starter-logging-2.5.6.jar;D:\MyRepository\ch\qos\logback\logback-classic\1.2.6\logback-classic-1.2.6.jar;D:\MyRepository\ch\qos\logback\logback-core\1.2.6\logback-core-1.2.6.jar;D:\MyRepository\org\apache\logging\log4j\log4j-to-slf4j\2.14.1\log4j-to-slf4j-2.14.1.jar;D:\MyRepository\org\apache\logging\log4j\log4j-api\2.14.1\log4j-api-2.14.1.jar;D:\MyRepository\org\slf4j\jul-to-slf4j\1.7.32\jul-to-slf4j-1.7.32.jar;D:\MyRepository\org\yaml\snakeyaml\1.28\snakeyaml-1.28.jar;D:\MyRepository\com\zaxxer\HikariCP\4.0.3\HikariCP-4.0.3.jar;D:\MyRepository\org\springframework\spring-jdbc\5.3.12\spring-jdbc-5.3.12.jar;D:\MyRepository\org\springframework\spring-beans\5.3.12\spring-beans-5.3.12.jar;D:\MyRepository\org\springframework\spring-tx\5.3.12\spring-tx-5.3.12.jar;D:\MyRepository\org\springframework\boot\spring-boot-starter-web\2.5.6\spring-boot-starter-web-2.5.6.jar;D:\MyRepository\org\springframework\boot\spring-boot-starter-json\2.5.6\spring-boot-starter-json-2.5.6.jar;D:\MyRepository\org\springframework\spring-web\5.3.12\spring-web-5.3.12.jar;D:\MyRepository\org\springframework\spring-webmvc\5.3.12\spring-webmvc-5.3.12.jar;D:\MyRepository\org\springframework\spring-aop\5.3.12\spring-aop-5.3.12.jar;D:\MyRepository\org\springframework\spring-context\5.3.12\spring-context-5.3.12.jar;D:\MyRepository\org\springframework\spring-expression\5.3.12\spring-expression-5.3.12.jar;D:\MyRepository\org\mybatis\spring\boot\mybatis-spring-boot-starter\2.2.0\mybatis-spring-boot-starter-2.2.0.jar;D:\MyRepository\org\mybatis\spring\boot\mybatis-spring-boot-autoconfigure\2.2.0\mybatis-spring-boot-autoconfigure-2.2.0.jar;D:\MyRepository\org\mybatis\mybatis\3.5.7\mybatis-3.5.7.jar;D:\MyRepository\org\mybatis\mybatis-spring\2.0.6\mybatis-spring-2.0.6.jar;D:\MyRepository\mysql\mysql-connector-java\8.0.27\mysql-connector-java-8.0.27.jar;D:\MyRepository\org\projectlombok\lombok\1.18.22\lombok-1.18.22.jar;D:\MyRepository\org\springframework\boot\spring-boot-starter-tomcat\2.5.6\spring-boot-starter-tomcat-2.5.6.jar;D:\MyRepository\jakarta\annotation\jakarta.annotation-api\1.3.5\jakarta.annotation-api-1.3.5.jar;D:\MyRepository\org\apache\tomcat\embed\tomcat-embed-core\9.0.54\tomcat-embed-core-9.0.54.jar;D:\MyRepository\org\apache\tomcat\embed\tomcat-embed-el\9.0.54\tomcat-embed-el-9.0.54.jar;D:\MyRepository\org\apache\tomcat\embed\tomcat-embed-websocket\9.0.54\tomcat-embed-websocket-9.0.54.jar;D:\MyRepository\org\springframework\boot\spring-boot-starter-test\2.5.6\spring-boot-starter-test-2.5.6.jar;D:\MyRepository\org\springframework\boot\spring-boot-test\2.5.6\spring-boot-test-2.5.6.jar;D:\MyRepository\org\springframework\boot\spring-boot-test-autoconfigure\2.5.6\spring-boot-test-autoconfigure-2.5.6.jar;D:\MyRepository\com\jayway\jsonpath\json-path\2.5.0\json-path-2.5.0.jar;D:\MyRepository\net\minidev\json-smart\2.4.7\json-smart-2.4.7.jar;D:\MyRepository\net\minidev\accessors-smart\2.4.7\accessors-smart-2.4.7.jar;D:\MyRepository\org\ow2\asm\asm\9.1\asm-9.1.jar;D:\MyRepository\jakarta\xml\bind\jakarta.xml.bind-api\2.3.3\jakarta.xml.bind-api-2.3.3.jar;D:\MyRepository\jakarta\activation\jakarta.activation-api\1.2.2\jakarta.activation-api-1.2.2.jar;D:\MyRepository\org\assertj\assertj-core\3.19.0\assertj-core-3.19.0.jar;D:\MyRepository\org\hamcrest\hamcrest\2.2\hamcrest-2.2.jar;D:\MyRepository\org\junit\jupiter\junit-jupiter\5.7.2\junit-jupiter-5.7.2.jar;D:\MyRepository\org\junit\jupiter\junit-jupiter-api\5.7.2\junit-jupiter-api-5.7.2.jar;D:\MyRepository\org\apiguardian\apiguardian-api\1.1.0\apiguardian-api-1.1.0.jar;D:\MyRepository\org\opentest4j\opentest4j\1.2.0\opentest4j-1.2.0.jar;D:\MyRepository\org\junit\platform\junit-platform-commons\1.7.2\junit-platform-commons-1.7.2.jar;D:\MyRepository\org\junit\jupiter\junit-jupiter-params\5.7.2\junit-jupiter-params-5.7.2.jar;D:\MyRepository\org\junit\jupiter\junit-jupiter-engine\5.7.2\junit-jupiter-engine-5.7.2.jar;D:\MyRepository\org\junit\platform\junit-platform-engine\1.7.2\junit-platform-engine-1.7.2.jar;D:\MyRepository\org\mockito\mockito-core\3.9.0\mockito-core-3.9.0.jar;D:\MyRepository\net\bytebuddy\byte-buddy\1.10.22\byte-buddy-1.10.22.jar;D:\MyRepository\net\bytebuddy\byte-buddy-agent\1.10.22\byte-buddy-agent-1.10.22.jar;D:\MyRepository\org\objenesis\objenesis\3.2\objenesis-3.2.jar;D:\MyRepository\org\mockito\mockito-junit-jupiter\3.9.0\mockito-junit-jupiter-3.9.0.jar;D:\MyRepository\org\skyscreamer\jsonassert\1.5.0\jsonassert-1.5.0.jar;D:\MyRepository\com\vaadin\external\google\android-json\0.0.20131108.vaadin1\android-json-0.0.20131108.vaadin1.jar;D:\MyRepository\org\springframework\spring-core\5.3.12\spring-core-5.3.12.jar;D:\MyRepository\org\springframework\spring-jcl\5.3.12\spring-jcl-5.3.12.jar;D:\MyRepository\org\springframework\spring-test\5.3.12\spring-test-5.3.12.jar;D:\MyRepository\org\xmlunit\xmlunit-core\2.8.3\xmlunit-core-2.8.3.jar;D:\MyRepository\com\baomidou\mybatis-plus-boot-starter\3.5.1\mybatis-plus-boot-starter-3.5.1.jar;D:\MyRepository\com\baomidou\mybatis-plus\3.5.1\mybatis-plus-3.5.1.jar;D:\MyRepository\com\baomidou\mybatis-plus-extension\3.5.1\mybatis-plus-extension-3.5.1.jar;D:\MyRepository\com\baomidou\mybatis-plus-core\3.5.1\mybatis-plus-core-3.5.1.jar;D:\MyRepository\com\baomidou\mybatis-plus-annotation\3.5.1\mybatis-plus-annotation-3.5.1.jar;D:\MyRepository\com\github\jsqlparser\jsqlparser\4.3\jsqlparser-4.3.jar;D:\MyRepository\org\springframework\boot\spring-boot-autoconfigure\2.5.6\spring-boot-autoconfigure-2.5.6.jar;D:\MyRepository\com\fasterxml\jackson\core\jackson-databind\2.12.5\jackson-databind-2.12.5.jar;D:\MyRepository\com\fasterxml\jackson\core\jackson-annotations\2.12.5\jackson-annotations-2.12.5.jar;D:\MyRepository\com\fasterxml\jackson\core\jackson-core\2.12.5\jackson-core-2.12.5.jar;D:\MyRepository\com\fasterxml\jackson\datatype\jackson-datatype-jdk8\2.12.5\jackson-datatype-jdk8-2.12.5.jar;D:\MyRepository\com\fasterxml\jackson\datatype\jackson-datatype-jsr310\2.12.5\jackson-datatype-jsr310-2.12.5.jar;D:\MyRepository\com\fasterxml\jackson\module\jackson-module-parameter-names\2.12.5\jackson-module-parameter-names-2.12.5.jar;D:\MyRepository\io\springfox\springfox-swagger2\2.9.2\springfox-swagger2-2.9.2.jar;D:\MyRepository\io\swagger\swagger-annotations\1.5.20\swagger-annotations-1.5.20.jar;D:\MyRepository\io\swagger\swagger-models\1.5.20\swagger-models-1.5.20.jar;D:\MyRepository\io\springfox\springfox-spi\2.9.2\springfox-spi-2.9.2.jar;D:\MyRepository\io\springfox\springfox-core\2.9.2\springfox-core-2.9.2.jar;D:\MyRepository\io\springfox\springfox-schema\2.9.2\springfox-schema-2.9.2.jar;D:\MyRepository\io\springfox\springfox-swagger-common\2.9.2\springfox-swagger-common-2.9.2.jar;D:\MyRepository\io\springfox\springfox-spring-web\2.9.2\springfox-spring-web-2.9.2.jar;D:\MyRepository\com\google\guava\guava\20.0\guava-20.0.jar;D:\MyRepository\com\fasterxml\classmate\1.5.1\classmate-1.5.1.jar;D:\MyRepository\org\slf4j\slf4j-api\1.7.32\slf4j-api-1.7.32.jar;D:\MyRepository\org\springframework\plugin\spring-plugin-core\1.2.0.RELEASE\spring-plugin-core-1.2.0.RELEASE.jar;D:\MyRepository\org\springframework\plugin\spring-plugin-metadata\1.2.0.RELEASE\spring-plugin-metadata-1.2.0.RELEASE.jar;D:\MyRepository\org\mapstruct\mapstruct\1.2.0.Final\mapstruct-1.2.0.Final.jar;D:\MyRepository\io\springfox\springfox-swagger-ui\2.9.2\springfox-swagger-ui-2.9.2.jar;D:\MyRepository\com\github\xiaoymin\swagger-bootstrap-ui\1.6\swagger-bootstrap-ui-1.6.jar;"/>
    <property name="java.vm.vendor" value="Oracle Corporation"/>
    <property name="sun.arch.data.model" value="64"/>
    <property name="user.variant" value=""/>
    <property name="java.vendor.url" value="http://java.oracle.com/"/>
    <property name="user.timezone" value="GMT+08:00"/>
    <property name="java.vm.specification.version" value="1.8"/>
    <property name="os.name" value="Windows 10"/>
    <property name="user.country" value="CN"/>
    <property name="sun.java.launcher" value="SUN_STANDARD"/>
    <property name="sun.boot.library.path" value="C:\Program Files\Java\jdk1.8.0_291\jre\bin"/>
    <property name="sun.java.command" value="C:\Users\大橙子\AppData\Local\Temp\surefire469975109198086859\surefirebooter1981889887784763897.jar C:\Users\大橙子\AppData\Local\Temp\surefire469975109198086859 2022-03-25T22-46-08_009-jvmRun1 surefire2718946496766531961tmp surefire_07194496355314592777tmp"/>
    <property name="surefire.test.class.path" value="D:\java代码\MinsAppOfTeachingForChildren\target\test-classes;D:\java代码\MinsAppOfTeachingForChildren\target\classes;D:\MyRepository\org\springframework\boot\spring-boot-starter-jdbc\2.5.6\spring-boot-starter-jdbc-2.5.6.jar;D:\MyRepository\org\springframework\boot\spring-boot-starter\2.5.6\spring-boot-starter-2.5.6.jar;D:\MyRepository\org\springframework\boot\spring-boot\2.5.6\spring-boot-2.5.6.jar;D:\MyRepository\org\springframework\boot\spring-boot-starter-logging\2.5.6\spring-boot-starter-logging-2.5.6.jar;D:\MyRepository\ch\qos\logback\logback-classic\1.2.6\logback-classic-1.2.6.jar;D:\MyRepository\ch\qos\logback\logback-core\1.2.6\logback-core-1.2.6.jar;D:\MyRepository\org\apache\logging\log4j\log4j-to-slf4j\2.14.1\log4j-to-slf4j-2.14.1.jar;D:\MyRepository\org\apache\logging\log4j\log4j-api\2.14.1\log4j-api-2.14.1.jar;D:\MyRepository\org\slf4j\jul-to-slf4j\1.7.32\jul-to-slf4j-1.7.32.jar;D:\MyRepository\org\yaml\snakeyaml\1.28\snakeyaml-1.28.jar;D:\MyRepository\com\zaxxer\HikariCP\4.0.3\HikariCP-4.0.3.jar;D:\MyRepository\org\springframework\spring-jdbc\5.3.12\spring-jdbc-5.3.12.jar;D:\MyRepository\org\springframework\spring-beans\5.3.12\spring-beans-5.3.12.jar;D:\MyRepository\org\springframework\spring-tx\5.3.12\spring-tx-5.3.12.jar;D:\MyRepository\org\springframework\boot\spring-boot-starter-web\2.5.6\spring-boot-starter-web-2.5.6.jar;D:\MyRepository\org\springframework\boot\spring-boot-starter-json\2.5.6\spring-boot-starter-json-2.5.6.jar;D:\MyRepository\org\springframework\spring-web\5.3.12\spring-web-5.3.12.jar;D:\MyRepository\org\springframework\spring-webmvc\5.3.12\spring-webmvc-5.3.12.jar;D:\MyRepository\org\springframework\spring-aop\5.3.12\spring-aop-5.3.12.jar;D:\MyRepository\org\springframework\spring-context\5.3.12\spring-context-5.3.12.jar;D:\MyRepository\org\springframework\spring-expression\5.3.12\spring-expression-5.3.12.jar;D:\MyRepository\org\mybatis\spring\boot\mybatis-spring-boot-starter\2.2.0\mybatis-spring-boot-starter-2.2.0.jar;D:\MyRepository\org\mybatis\spring\boot\mybatis-spring-boot-autoconfigure\2.2.0\mybatis-spring-boot-autoconfigure-2.2.0.jar;D:\MyRepository\org\mybatis\mybatis\3.5.7\mybatis-3.5.7.jar;D:\MyRepository\org\mybatis\mybatis-spring\2.0.6\mybatis-spring-2.0.6.jar;D:\MyRepository\mysql\mysql-connector-java\8.0.27\mysql-connector-java-8.0.27.jar;D:\MyRepository\org\projectlombok\lombok\1.18.22\lombok-1.18.22.jar;D:\MyRepository\org\springframework\boot\spring-boot-starter-tomcat\2.5.6\spring-boot-starter-tomcat-2.5.6.jar;D:\MyRepository\jakarta\annotation\jakarta.annotation-api\1.3.5\jakarta.annotation-api-1.3.5.jar;D:\MyRepository\org\apache\tomcat\embed\tomcat-embed-core\9.0.54\tomcat-embed-core-9.0.54.jar;D:\MyRepository\org\apache\tomcat\embed\tomcat-embed-el\9.0.54\tomcat-embed-el-9.0.54.jar;D:\MyRepository\org\apache\tomcat\embed\tomcat-embed-websocket\9.0.54\tomcat-embed-websocket-9.0.54.jar;D:\MyRepository\org\springframework\boot\spring-boot-starter-test\2.5.6\spring-boot-starter-test-2.5.6.jar;D:\MyRepository\org\springframework\boot\spring-boot-test\2.5.6\spring-boot-test-2.5.6.jar;D:\MyRepository\org\springframework\boot\spring-boot-test-autoconfigure\2.5.6\spring-boot-test-autoconfigure-2.5.6.jar;D:\MyRepository\com\jayway\jsonpath\json-path\2.5.0\json-path-2.5.0.jar;D:\MyRepository\net\minidev\json-smart\2.4.7\json-smart-2.4.7.jar;D:\MyRepository\net\minidev\accessors-smart\2.4.7\accessors-smart-2.4.7.jar;D:\MyRepository\org\ow2\asm\asm\9.1\asm-9.1.jar;D:\MyRepository\jakarta\xml\bind\jakarta.xml.bind-api\2.3.3\jakarta.xml.bind-api-2.3.3.jar;D:\MyRepository\jakarta\activation\jakarta.activation-api\1.2.2\jakarta.activation-api-1.2.2.jar;D:\MyRepository\org\assertj\assertj-core\3.19.0\assertj-core-3.19.0.jar;D:\MyRepository\org\hamcrest\hamcrest\2.2\hamcrest-2.2.jar;D:\MyRepository\org\junit\jupiter\junit-jupiter\5.7.2\junit-jupiter-5.7.2.jar;D:\MyRepository\org\junit\jupiter\junit-jupiter-api\5.7.2\junit-jupiter-api-5.7.2.jar;D:\MyRepository\org\apiguardian\apiguardian-api\1.1.0\apiguardian-api-1.1.0.jar;D:\MyRepository\org\opentest4j\opentest4j\1.2.0\opentest4j-1.2.0.jar;D:\MyRepository\org\junit\platform\junit-platform-commons\1.7.2\junit-platform-commons-1.7.2.jar;D:\MyRepository\org\junit\jupiter\junit-jupiter-params\5.7.2\junit-jupiter-params-5.7.2.jar;D:\MyRepository\org\junit\jupiter\junit-jupiter-engine\5.7.2\junit-jupiter-engine-5.7.2.jar;D:\MyRepository\org\junit\platform\junit-platform-engine\1.7.2\junit-platform-engine-1.7.2.jar;D:\MyRepository\org\mockito\mockito-core\3.9.0\mockito-core-3.9.0.jar;D:\MyRepository\net\bytebuddy\byte-buddy\1.10.22\byte-buddy-1.10.22.jar;D:\MyRepository\net\bytebuddy\byte-buddy-agent\1.10.22\byte-buddy-agent-1.10.22.jar;D:\MyRepository\org\objenesis\objenesis\3.2\objenesis-3.2.jar;D:\MyRepository\org\mockito\mockito-junit-jupiter\3.9.0\mockito-junit-jupiter-3.9.0.jar;D:\MyRepository\org\skyscreamer\jsonassert\1.5.0\jsonassert-1.5.0.jar;D:\MyRepository\com\vaadin\external\google\android-json\0.0.20131108.vaadin1\android-json-0.0.20131108.vaadin1.jar;D:\MyRepository\org\springframework\spring-core\5.3.12\spring-core-5.3.12.jar;D:\MyRepository\org\springframework\spring-jcl\5.3.12\spring-jcl-5.3.12.jar;D:\MyRepository\org\springframework\spring-test\5.3.12\spring-test-5.3.12.jar;D:\MyRepository\org\xmlunit\xmlunit-core\2.8.3\xmlunit-core-2.8.3.jar;D:\MyRepository\com\baomidou\mybatis-plus-boot-starter\3.5.1\mybatis-plus-boot-starter-3.5.1.jar;D:\MyRepository\com\baomidou\mybatis-plus\3.5.1\mybatis-plus-3.5.1.jar;D:\MyRepository\com\baomidou\mybatis-plus-extension\3.5.1\mybatis-plus-extension-3.5.1.jar;D:\MyRepository\com\baomidou\mybatis-plus-core\3.5.1\mybatis-plus-core-3.5.1.jar;D:\MyRepository\com\baomidou\mybatis-plus-annotation\3.5.1\mybatis-plus-annotation-3.5.1.jar;D:\MyRepository\com\github\jsqlparser\jsqlparser\4.3\jsqlparser-4.3.jar;D:\MyRepository\org\springframework\boot\spring-boot-autoconfigure\2.5.6\spring-boot-autoconfigure-2.5.6.jar;D:\MyRepository\com\fasterxml\jackson\core\jackson-databind\2.12.5\jackson-databind-2.12.5.jar;D:\MyRepository\com\fasterxml\jackson\core\jackson-annotations\2.12.5\jackson-annotations-2.12.5.jar;D:\MyRepository\com\fasterxml\jackson\core\jackson-core\2.12.5\jackson-core-2.12.5.jar;D:\MyRepository\com\fasterxml\jackson\datatype\jackson-datatype-jdk8\2.12.5\jackson-datatype-jdk8-2.12.5.jar;D:\MyRepository\com\fasterxml\jackson\datatype\jackson-datatype-jsr310\2.12.5\jackson-datatype-jsr310-2.12.5.jar;D:\MyRepository\com\fasterxml\jackson\module\jackson-module-parameter-names\2.12.5\jackson-module-parameter-names-2.12.5.jar;D:\MyRepository\io\springfox\springfox-swagger2\2.9.2\springfox-swagger2-2.9.2.jar;D:\MyRepository\io\swagger\swagger-annotations\1.5.20\swagger-annotations-1.5.20.jar;D:\MyRepository\io\swagger\swagger-models\1.5.20\swagger-models-1.5.20.jar;D:\MyRepository\io\springfox\springfox-spi\2.9.2\springfox-spi-2.9.2.jar;D:\MyRepository\io\springfox\springfox-core\2.9.2\springfox-core-2.9.2.jar;D:\MyRepository\io\springfox\springfox-schema\2.9.2\springfox-schema-2.9.2.jar;D:\MyRepository\io\springfox\springfox-swagger-common\2.9.2\springfox-swagger-common-2.9.2.jar;D:\MyRepository\io\springfox\springfox-spring-web\2.9.2\springfox-spring-web-2.9.2.jar;D:\MyRepository\com\google\guava\guava\20.0\guava-20.0.jar;D:\MyRepository\com\fasterxml\classmate\1.5.1\classmate-1.5.1.jar;D:\MyRepository\org\slf4j\slf4j-api\1.7.32\slf4j-api-1.7.32.jar;D:\MyRepository\org\springframework\plugin\spring-plugin-core\1.2.0.RELEASE\spring-plugin-core-1.2.0.RELEASE.jar;D:\MyRepository\org\springframework\plugin\spring-plugin-metadata\1.2.0.RELEASE\spring-plugin-metadata-1.2.0.RELEASE.jar;D:\MyRepository\org\mapstruct\mapstruct\1.2.0.Final\mapstruct-1.2.0.Final.jar;D:\MyRepository\io\springfox\springfox-swagger-ui\2.9.2\springfox-swagger-ui-2.9.2.jar;D:\MyRepository\com\github\xiaoymin\swagger-bootstrap-ui\1.6\swagger-bootstrap-ui-1.6.jar;"/>
    <property name="sun.cpu.endian" value="little"/>
    <property name="user.home" value="C:\Users\大橙子"/>
    <property name="user.language" value="zh"/>
    <property name="java.specification.vendor" value="Oracle Corporation"/>
    <property name="java.home" value="C:\Program Files\Java\jdk1.8.0_291\jre"/>
    <property name="basedir" value="D:\java代码\MinsAppOfTeachingForChildren"/>
    <property name="file.separator" value="\"/>
    <property name="line.separator" value="&#10;"/>
    <property name="java.vm.specification.vendor" value="Oracle Corporation"/>
    <property name="java.specification.name" value="Java Platform API Specification"/>
    <property name="java.awt.graphicsenv" value="sun.awt.Win32GraphicsEnvironment"/>
    <property name="surefire.real.class.path" value="C:\Users\大橙子\AppData\Local\Temp\surefire469975109198086859\surefirebooter1981889887784763897.jar"/>
    <property name="sun.boot.class.path" value="C:\Program Files\Java\jdk1.8.0_291\jre\lib\resources.jar;C:\Program Files\Java\jdk1.8.0_291\jre\lib\rt.jar;C:\Program Files\Java\jdk1.8.0_291\jre\lib\sunrsasign.jar;C:\Program Files\Java\jdk1.8.0_291\jre\lib\jsse.jar;C:\Program Files\Java\jdk1.8.0_291\jre\lib\jce.jar;C:\Program Files\Java\jdk1.8.0_291\jre\lib\charsets.jar;C:\Program Files\Java\jdk1.8.0_291\jre\lib\jfr.jar;C:\Program Files\Java\jdk1.8.0_291\jre\classes"/>
    <property name="user.script" value=""/>
    <property name="sun.management.compiler" value="HotSpot 64-Bit Tiered Compilers"/>
    <property name="java.runtime.version" value="1.8.0_291-b10"/>
    <property name="user.name" value="大橙子"/>
    <property name="path.separator" value=";"/>
    <property name="os.version" value="10.0"/>
    <property name="java.endorsed.dirs" value="C:\Program Files\Java\jdk1.8.0_291\jre\lib\endorsed"/>
    <property name="java.runtime.name" value="Java(TM) SE Runtime Environment"/>
    <property name="file.encoding" value="GBK"/>
    <property name="java.vm.name" value="Java HotSpot(TM) 64-Bit Server VM"/>
    <property name="localRepository" value="D:\MyRepository"/>
    <property name="java.vendor.url.bug" value="http://bugreport.sun.com/bugreport/"/>
    <property name="java.io.tmpdir" value="C:\Users\大橙子\AppData\Local\Temp\"/>
    <property name="idea.version" value="2021.2.1"/>
    <property name="java.version" value="1.8.0_291"/>
    <property name="user.dir" value="D:\java代码\MinsAppOfTeachingForChildren"/>
    <property name="os.arch" value="amd64"/>
    <property name="java.vm.specification.name" value="Java Virtual Machine Specification"/>
    <property name="java.awt.printerjob" value="sun.awt.windows.WPrinterJob"/>
    <property name="sun.os.patch.level" value=""/>
    <property name="java.library.path" value="C:\Program Files\Java\jdk1.8.0_291\jre\bin;C:\WINDOWS\Sun\Java\bin;C:\WINDOWS\system32;C:\WINDOWS;D:\Python\Scripts\;D:\Python\;C:\Program Files (x86)\Common Files\Oracle\Java\javapath;C:\Program Files (x86)\Razer Chroma SDK\bin;C:\Program Files\Razer Chroma SDK\bin;C:\Program Files (x86)\Razer\ChromaBroadcast\bin;C:\Program Files\Razer\ChromaBroadcast\bin;C:\windows\system32;C:\windows;C:\windows\System32\Wbem;C:\windows\System32\WindowsPowerShell\v1.0\;C:\windows\System32\OpenSSH\;C:\Program Files (x86)\NVIDIA Corporation\PhysX\Common;C:\Program Files\NVIDIA Corporation\NVIDIA NvDLISR;C:\Program Files\dotnet\;C:\Users\大橙子\AppData\Local\Microsoft\WindowsApps;C:\Users\大橙子\.dotnet\tools;C:\Program Files\Java\jdk1.8.0_291\bin;C:\Program Files\Java\jdk1.8.0_291\jre\bin;C:\Program Files\Java\bin;C:\Program Files\Java\jre1.8.0_221\bin;D:\jdk;C:\WINDOWS\system32;C:\WINDOWS;C:\WINDOWS\System32\Wbem;C:\WINDOWS\System32\WindowsPowerShell\v1.0\;C:\WINDOWS\System32\OpenSSH\;C:\Program Files\Microsoft SQL Server\Client SDK\ODBC\170\Tools\Binn\;C:\Program Files\Microsoft SQL Server\130\Tools\Binn\;C:\Program Files (x86)\Rational\Common;D:\apache-maven-3.8.1\bin;D:\nodejs\;D:\XShell7\;C:\Users\大橙子\AppData\Local\Microsoft\WindowsApps;;D:\IntelliJ IDEA 2020.2.3\bin;;C:\Users\大橙子\AppData\Roaming\npm;D:\web_storm\WebStorm 2021.1.1\bin;;D:\Microsoft VS Code\bin;."/>
    <property name="java.vm.info" value="mixed mode"/>
    <property name="java.vendor" value="Oracle Corporation"/>
    <property name="java.vm.version" value="25.291-b10"/>
    <property name="java.ext.dirs" value="C:\Program Files\Java\jdk1.8.0_291\jre\lib\ext;C:\WINDOWS\Sun\Java\lib\ext"/>
    <property name="sun.io.unicode.encoding" value="UnicodeLittle"/>
    <property name="java.class.version" value="52.0"/>
  </properties>
  <testcase name="contextLoads" classname="com.gdut.minsappofteachingforchildren.MinsAppOfTeachingForChildrenApplicationTests" time="0.283"/>
</testsuite>